<?xml version="1.0" encoding="UTF-8" ?>
<testsuite tests="20" failures="1" name="TestSuite" time="86.389" errors="0" skipped="6">
  <properties>
    <property name="java.runtime.name" value="Java(TM) SE Runtime Environment"/>
    <property name="java.vm.version" value="11.0.11+9-LTS-194"/>
    <property name="sun.boot.library.path" value="C:\Program Files\Java\jdk-11.0.11\bin"/>
    <property name="maven.multiModuleProjectDirectory" value="E:\Selenium_Training\DataDrivenFramework"/>
    <property name="java.vm.vendor" value="Oracle Corporation"/>
    <property name="java.vendor.url" value="https://openjdk.java.net/"/>
    <property name="guice.disable.misplaced.annotation.check" value="true"/>
    <property name="path.separator" value=";"/>
    <property name="java.vm.name" value="Java HotSpot(TM) 64-Bit Server VM"/>
    <property name="sun.os.patch.level" value=""/>
    <property name="user.script" value=""/>
    <property name="user.country" value="US"/>
    <property name="sun.java.launcher" value="SUN_STANDARD"/>
    <property name="java.vm.specification.name" value="Java Virtual Machine Specification"/>
    <property name="user.dir" value="E:\Selenium_Training\DataDrivenFramework"/>
    <property name="java.vm.compressedOopsMode" value="32-bit"/>
    <property name="java.runtime.version" value="11.0.11+9-LTS-194"/>
    <property name="java.awt.graphicsenv" value="sun.awt.Win32GraphicsEnvironment"/>
    <property name="os.arch" value="amd64"/>
    <property name="java.io.tmpdir" value="C:\Users\ABDUL\AppData\Local\Temp\"/>
    <property name="line.separator" value="
"/>
    <property name="java.vm.specification.vendor" value="Oracle Corporation"/>
    <property name="user.variant" value=""/>
    <property name="os.name" value="Windows 10"/>
    <property name="classworlds.conf" value="E:\apache-maven-3.8.1\bin\..\bin\m2.conf"/>
    <property name="sun.jnu.encoding" value="Cp1252"/>
    <property name="java.library.path" value="C:\Program Files\Java\jdk-11.0.11\bin;C:\WINDOWS\Sun\Java\bin;C:\WINDOWS\system32;C:\WINDOWS;C:\Program Files\Common Files\Oracle\Java\javapath;C:\WINDOWS\system32;C:\WINDOWS;C:\WINDOWS\System32\Wbem;C:\WINDOWS\System32\WindowsPowerShell\v1.0\;C:\WINDOWS\System32\OpenSSH\;C:\Android;C:\Windows\System32;E:\apache-maven-3.8.1\bin;C:\Program Files\Docker\Docker\resources\bin;C:\ProgramData\DockerDesktop\version-bin;C:\Program Files\SafeNet\Authentication\SAC\x64;C:\Program Files\SafeNet\Authentication\SAC\x32;C:\Program Files\Java\jdk-11.0.11\bin;C:\Program Files\Git\cmd;C:\Users\ABDUL\AppData\Local\Microsoft\WindowsApps;C:\Users\ABDUL\AppData\Local\Programs\Python\Python37-32;C:\Users\ABDUL\AppData\Local\Programs\Python\Python37-32\Scripts;C:\Users\ABDUL\Downloads;C:\Program Files\Java\jdk1.8.0_251\bin;C:\Program Files\Java\jre1.8.0_251\bin;E:\drivers;;."/>
    <property name="maven.conf" value="E:\apache-maven-3.8.1\bin\../conf"/>
    <property name="jdk.debug" value="release"/>
    <property name="java.class.version" value="55.0"/>
    <property name="java.specification.name" value="Java Platform API Specification"/>
    <property name="sun.management.compiler" value="HotSpot 64-Bit Tiered Compilers"/>
    <property name="os.version" value="10.0"/>
    <property name="library.jansi.path" value="E:\apache-maven-3.8.1\bin\..\lib\jansi-native"/>
    <property name="user.home" value="C:\Users\ABDUL"/>
    <property name="user.timezone" value="America/Los_Angeles"/>
    <property name="java.awt.printerjob" value="sun.awt.windows.WPrinterJob"/>
    <property name="file.encoding" value="Cp1252"/>
    <property name="java.specification.version" value="11"/>
    <property name="user.name" value="ABDUL"/>
    <property name="java.class.path" value="E:\apache-maven-3.8.1\bin\..\boot\plexus-classworlds-2.6.0.jar"/>
    <property name="java.vm.specification.version" value="11"/>
    <property name="sun.arch.data.model" value="64"/>
    <property name="sun.java.command" value="org.codehaus.plexus.classworlds.launcher.Launcher compile test"/>
    <property name="java.home" value="C:\Program Files\Java\jdk-11.0.11"/>
    <property name="user.language" value="en"/>
    <property name="java.specification.vendor" value="Oracle Corporation"/>
    <property name="awt.toolkit" value="sun.awt.windows.WToolkit"/>
    <property name="java.vm.info" value="mixed mode"/>
    <property name="java.version" value="11.0.11"/>
    <property name="java.vendor" value="Oracle Corporation"/>
    <property name="sun.stderr.encoding" value="cp437"/>
    <property name="maven.home" value="E:\apache-maven-3.8.1\bin\.."/>
    <property name="file.separator" value="\"/>
    <property name="java.version.date" value="2021-04-20"/>
    <property name="java.vendor.url.bug" value="https://bugreport.java.com/bugreport/"/>
    <property name="sun.io.unicode.encoding" value="UnicodeLittle"/>
    <property name="sun.cpu.endian" value="little"/>
    <property name="java.vendor.version" value="18.9"/>
    <property name="sun.stdout.encoding" value="cp437"/>
    <property name="sun.desktop" value="windows"/>
    <property name="sun.cpu.isalist" value="amd64"/>
  </properties>
  <testcase classname="testcases.rediff.PortfolioManagement" name="selectPortFolio" time="2.071"/>
  <testcase classname="testcases.rediff.PortfolioManagement" name="selectPortFolio" time="2.015"/>
  <testcase classname="testcases.rediff.StockManagement" name="verifyStockPresent" time="2.58">
    <failure message="The following asserts failed:
	Stock Not present Birla Corporation Ltd" type="java.lang.AssertionError">java.lang.AssertionError: The following asserts failed:
	Stock Not present Birla Corporation Ltd
	at org.testng.asserts.SoftAssert.assertAll(SoftAssert.java:47)
	at org.testng.asserts.SoftAssert.assertAll(SoftAssert.java:31)
	at Keywords.GenericKeywords.assertall(GenericKeywords.java:355)
	at Keywords.GenericKeywords.reportfailure(GenericKeywords.java:348)
	at testcases.rediff.StockManagement.verifyStockPresent(StockManagement.java:77)
</failure>
    <system-out>------------Before Method----------
ABCtable#stock &gt; tbody
DEFtable#stock &gt; tbody
***************************Test FailedverifyStockPresent
The following asserts failed:
	Stock Not present Birla Corporation Ltd
</system-out>
  </testcase>
  <testcase classname="testcases.rediff.StockManagement" name="beforeMethod" time="2.59">
    <skipped/>
    <system-out>------------Before Method----------
</system-out>
  </testcase>
  <testcase classname="testcases.rediff.StockManagement" name="modifyStock" time="0.018">
    <skipped/>
    <system-out>***************************Test Skipped modifyStock
</system-out>
  </testcase>
  <testcase classname="testcases.rediff.StockManagement" name="beforeMethod" time="0.019">
    <skipped/>
    <system-out>------------Before Method----------
</system-out>
  </testcase>
  <testcase classname="testcases.rediff.StockManagement" name="verifyStockQuantity" time="0.001">
    <skipped/>
    <system-out>***************************Test Skipped verifyStockQuantity
</system-out>
  </testcase>
  <testcase classname="testcases.rediff.StockManagement" name="beforeMethod" time="0.003">
    <skipped/>
    <system-out>------------Before Method----------
</system-out>
  </testcase>
  <testcase classname="testcases.rediff.StockManagement" name="verifyTransactionHistory" time="0">
    <skipped/>
    <system-out>***************************Test Skipped verifyTransactionHistory
</system-out>
  </testcase>
  <testcase classname="testcases.rediff.StockManagement" name="addNewStock" time="17.736"/>
  <testcase classname="testcases.rediff.StockManagement" name="verifyStockPresent" time="3.747"/>
  <testcase classname="testcases.rediff.StockManagement" name="verifyStockQuantity" time="1.248"/>
  <testcase classname="testcases.rediff.StockManagement" name="verifyTransactionHistory" time="2.076"/>
  <testcase classname="testcases.rediff.PortfolioManagement" name="createPortfolio" time="9.905"/>
  <testcase classname="testcases.rediff.PortfolioManagement" name="selectPortFolio" time="3.21"/>
  <testcase classname="testcases.rediff.StockManagement" name="verifyStockPresent" time="0.597"/>
  <testcase classname="testcases.rediff.StockManagement" name="modifyStock" time="11.605"/>
  <testcase classname="testcases.rediff.StockManagement" name="verifyStockQuantity" time="0.463"/>
  <testcase classname="testcases.rediff.StockManagement" name="verifyTransactionHistory" time="2.013"/>
  <testcase classname="testcases.rediff.PortfolioManagement" name="deletePortfolio" time="24.492"/>
</testsuite>